[2015-03-12 13:47:47,426][INFO ][BaseApplicantClient.initSoapUtils()112]-init SoapUtil with properties from: resources/applicant-s2s-config.properties
[2015-03-12 13:47:47,431][DEBUG][SoapUtil.getProperty()48]-find property for key=javax.net.ssl.keyStore
[2015-03-12 13:47:47,432][DEBUG][SoapUtil.getConfigPropertiesFile()133]-==>configPropertiesFile=resources/applicant-s2s-config.properties
[2015-03-12 13:47:47,433][DEBUG][SoapUtil.getConfigPropertiesFile()133]-==>configPropertiesFile=resources/applicant-s2s-config.properties
[2015-03-12 13:47:47,433][DEBUG][SoapUtil.loadProperties()75]-soap properties file=C:\Grantsws_Applicant_RI_V2\ApplicantClient_CL\resources\applicant-s2s-config.properties
[2015-03-12 13:47:47,434][DEBUG][SoapUtil.getConfigPropertiesFile()133]-==>configPropertiesFile=resources/applicant-s2s-config.properties
[2015-03-12 13:47:47,435][DEBUG][SoapUtil.loadProperties()77]-SOAP_Server.properties file loaded from resources/applicant-s2s-config.properties
[2015-03-12 13:47:47,436][DEBUG][SoapUtil.loadProperties()87]-Loading soap properties
[2015-03-12 13:47:47,437][DEBUG][SoapUtil.loadProperties()89]-soap properties loaded successfully
[2015-03-12 13:47:47,437][DEBUG][BaseApplicantClient.setSSLProps()129]-keystore: ../Security/Keystores/its-applicant-sha2.jks
[2015-03-12 13:47:47,438][INFO ][BaseApplicantClient.setSSLProps()136]-Keystore found: ../Security/Keystores/its-applicant-sha2.jks
[2015-03-12 13:47:47,439][DEBUG][SoapUtil.getProperty()48]-find property for key=javax.net.ssl.keyStorePassword
[2015-03-12 13:47:47,439][DEBUG][SoapUtil.getProperty()48]-find property for key=javax.net.ssl.trustStore
[2015-03-12 13:47:47,440][DEBUG][BaseApplicantClient.setSSLProps()142]-truststore: ../Security/Truststores/cacerts.jks
[2015-03-12 13:47:47,441][INFO ][BaseApplicantClient.setSSLProps()149]-Truststore found: ../Security/Truststores/cacerts.jks
[2015-03-12 13:47:47,441][DEBUG][SoapUtil.getProperty()48]-find property for key=javax.net.ssl.trustStorePassword
[2015-03-12 13:47:47,442][DEBUG][GetOpportunitiesClient.main()25]-Begin GetOpportunitiesClient
[2015-03-12 13:47:47,443][DEBUG][GetOpportunitiesClient.main()30]-args length: 5
[2015-03-12 13:47:47,443][DEBUG][BaseApplicantClient.init()85]-arg [1]: url_prefix=https://testws.grants.gov
[2015-03-12 13:47:47,450][DEBUG][BaseApplicantClient.init()85]-arg [2]: cfda=10.001
[2015-03-12 13:47:47,451][DEBUG][BaseApplicantClient.init()85]-arg [3]: oppid=RG-07252011-OPP36
[2015-03-12 13:47:47,452][DEBUG][BaseApplicantClient.init()85]-arg [4]: compid=COMPETITION-ID-1
[2015-03-12 13:47:47,453][DEBUG][BaseApplicantClient.init()91]-arg map keys: [compid, oppid, url_prefix, cfda]
[2015-03-12 13:47:47,453][DEBUG][BaseApplicantClient.init()92]-arg map: {compid=COMPETITION-ID-1, oppid=RG-07252011-OPP36, url_prefix=https://testws.grants.gov, cfda=10.001}
[2015-03-12 13:47:47,454][DEBUG][BaseApplicantClient.init()95]-Setting SOAP URL prefix: https://testws.grants.gov
[2015-03-12 13:47:47,455][DEBUG][BaseApplicantClient.initFilterNames()168]-Initialized FILTER_NAMES map: {submissiontitle=SubmissionTitle, status=Status, oppid=OpportunityID, grantsgovtrackingnumber=GrantsGovTrackingNumber, cfda=CFDANumber}
[2015-03-12 13:47:47,455][DEBUG][GetOpportunitiesClient.makeServiceCall()45]-cfda: 10.001
[2015-03-12 13:47:47,456][DEBUG][GetOpportunitiesClient.makeServiceCall()48]-opp ID: RG-07252011-OPP36
[2015-03-12 13:47:47,457][DEBUG][GetOpportunitiesClient.makeServiceCall()51]-comp ID: COMPETITION-ID-1
[2015-03-12 13:47:47,458][DEBUG][BaseApplicantClient.getApplicantPort()62]-create Streaming applicant port
[2015-03-12 13:47:47,971][DEBUG][BaseApplicantClient.getApplicantPort()64]-service URL: file:/C:/Grantsws_Applicant_RI_V2/ApplicantClient_CL/WSDLs/ApplicantWebServices-V2.0.wsdl
[2015-03-12 13:47:49,303][DEBUG][BaseApplicantClient.getApplicantPort()69]-applicant integration port type: JAX-WS RI 2.1.7-b01-: Stub for https://testws.grants.gov/grantsws-applicant/services/v2/ApplicantWebServicesSoapPort
[2015-03-12 13:47:49,309][DEBUG][BaseApplicantClient.getApplicantPort()72]-initialized: JAXWSTestHostnameVerifier
[2015-03-12 13:47:50,680][ERROR][GetOpportunitiesClient.makeServiceCall()107]-Exception: HTTP transport error: java.net.SocketException: Connection reset
[2015-03-12 13:47:50,690][ERROR][GetOpportunitiesClient.main()37]-

Exception: HTTP transport error: java.net.SocketException: Connection reset
[2015-03-12 13:48:04,930][INFO ][BaseApplicantClient.initSoapUtils()112]-init SoapUtil with properties from: resources/applicant-s2s-config.properties
[2015-03-12 13:48:04,935][DEBUG][SoapUtil.getProperty()48]-find property for key=javax.net.ssl.keyStore
[2015-03-12 13:48:04,936][DEBUG][SoapUtil.getConfigPropertiesFile()133]-==>configPropertiesFile=resources/applicant-s2s-config.properties
[2015-03-12 13:48:04,936][DEBUG][SoapUtil.getConfigPropertiesFile()133]-==>configPropertiesFile=resources/applicant-s2s-config.properties
[2015-03-12 13:48:04,937][DEBUG][SoapUtil.loadProperties()75]-soap properties file=C:\Grantsws_Applicant_RI_V2\ApplicantClient_CL\resources\applicant-s2s-config.properties
[2015-03-12 13:48:04,938][DEBUG][SoapUtil.getConfigPropertiesFile()133]-==>configPropertiesFile=resources/applicant-s2s-config.properties
[2015-03-12 13:48:04,939][DEBUG][SoapUtil.loadProperties()77]-SOAP_Server.properties file loaded from resources/applicant-s2s-config.properties
[2015-03-12 13:48:04,940][DEBUG][SoapUtil.loadProperties()87]-Loading soap properties
[2015-03-12 13:48:04,941][DEBUG][SoapUtil.loadProperties()89]-soap properties loaded successfully
[2015-03-12 13:48:04,941][DEBUG][BaseApplicantClient.setSSLProps()129]-keystore: ../Security/Keystores/its-applicant-sha2.jks
[2015-03-12 13:48:04,942][INFO ][BaseApplicantClient.setSSLProps()136]-Keystore found: ../Security/Keystores/its-applicant-sha2.jks
[2015-03-12 13:48:04,943][DEBUG][SoapUtil.getProperty()48]-find property for key=javax.net.ssl.keyStorePassword
[2015-03-12 13:48:04,943][DEBUG][SoapUtil.getProperty()48]-find property for key=javax.net.ssl.trustStore
[2015-03-12 13:48:04,944][DEBUG][BaseApplicantClient.setSSLProps()142]-truststore: ../Security/Truststores/cacerts.jks
[2015-03-12 13:48:04,945][INFO ][BaseApplicantClient.setSSLProps()149]-Truststore found: ../Security/Truststores/cacerts.jks
[2015-03-12 13:48:04,946][DEBUG][SoapUtil.getProperty()48]-find property for key=javax.net.ssl.trustStorePassword
[2015-03-12 13:48:04,947][DEBUG][GetOpportunitiesClient.main()25]-Begin GetOpportunitiesClient
[2015-03-12 13:48:04,947][DEBUG][GetOpportunitiesClient.main()30]-args length: 5
[2015-03-12 13:48:04,948][DEBUG][BaseApplicantClient.init()85]-arg [1]: url_prefix=https://testws.grants.gov
[2015-03-12 13:48:04,954][DEBUG][BaseApplicantClient.init()85]-arg [2]: cfda=10.001
[2015-03-12 13:48:04,955][DEBUG][BaseApplicantClient.init()85]-arg [3]: oppid=RG-07252011-OPP36
[2015-03-12 13:48:04,955][DEBUG][BaseApplicantClient.init()85]-arg [4]: compid=COMPETITION-ID-1
[2015-03-12 13:48:04,956][DEBUG][BaseApplicantClient.init()91]-arg map keys: [compid, oppid, url_prefix, cfda]
[2015-03-12 13:48:04,957][DEBUG][BaseApplicantClient.init()92]-arg map: {compid=COMPETITION-ID-1, oppid=RG-07252011-OPP36, url_prefix=https://testws.grants.gov, cfda=10.001}
[2015-03-12 13:48:04,958][DEBUG][BaseApplicantClient.init()95]-Setting SOAP URL prefix: https://testws.grants.gov
[2015-03-12 13:48:04,959][DEBUG][BaseApplicantClient.initFilterNames()168]-Initialized FILTER_NAMES map: {submissiontitle=SubmissionTitle, status=Status, oppid=OpportunityID, grantsgovtrackingnumber=GrantsGovTrackingNumber, cfda=CFDANumber}
[2015-03-12 13:48:04,960][DEBUG][GetOpportunitiesClient.makeServiceCall()45]-cfda: 10.001
[2015-03-12 13:48:04,961][DEBUG][GetOpportunitiesClient.makeServiceCall()48]-opp ID: RG-07252011-OPP36
[2015-03-12 13:48:04,962][DEBUG][GetOpportunitiesClient.makeServiceCall()51]-comp ID: COMPETITION-ID-1
[2015-03-12 13:48:04,962][DEBUG][BaseApplicantClient.getApplicantPort()62]-create Streaming applicant port
[2015-03-12 13:48:05,571][DEBUG][BaseApplicantClient.getApplicantPort()64]-service URL: file:/C:/Grantsws_Applicant_RI_V2/ApplicantClient_CL/WSDLs/ApplicantWebServices-V2.0.wsdl
[2015-03-12 13:48:06,777][DEBUG][BaseApplicantClient.getApplicantPort()69]-applicant integration port type: JAX-WS RI 2.1.7-b01-: Stub for https://testws.grants.gov/grantsws-applicant/services/v2/ApplicantWebServicesSoapPort
[2015-03-12 13:48:06,779][DEBUG][BaseApplicantClient.getApplicantPort()72]-initialized: JAXWSTestHostnameVerifier
[2015-03-12 13:48:07,270][ERROR][GetOpportunitiesClient.makeServiceCall()107]-Exception: HTTP transport error: java.net.SocketException: Connection reset
[2015-03-12 13:48:07,283][ERROR][GetOpportunitiesClient.main()37]-

Exception: HTTP transport error: java.net.SocketException: Connection reset
[2015-03-12 13:48:24,184][INFO ][BaseApplicantClient.initSoapUtils()112]-init SoapUtil with properties from: resources/applicant-s2s-config.properties
[2015-03-12 13:48:24,190][DEBUG][SoapUtil.getProperty()48]-find property for key=javax.net.ssl.keyStore
[2015-03-12 13:48:24,193][DEBUG][SoapUtil.getConfigPropertiesFile()133]-==>configPropertiesFile=resources/applicant-s2s-config.properties
[2015-03-12 13:48:24,193][DEBUG][SoapUtil.getConfigPropertiesFile()133]-==>configPropertiesFile=resources/applicant-s2s-config.properties
[2015-03-12 13:48:24,194][DEBUG][SoapUtil.loadProperties()75]-soap properties file=C:\Grantsws_Applicant_RI_V2\ApplicantClient_CL\resources\applicant-s2s-config.properties
[2015-03-12 13:48:24,195][DEBUG][SoapUtil.getConfigPropertiesFile()133]-==>configPropertiesFile=resources/applicant-s2s-config.properties
[2015-03-12 13:48:24,196][DEBUG][SoapUtil.loadProperties()77]-SOAP_Server.properties file loaded from resources/applicant-s2s-config.properties
[2015-03-12 13:48:24,197][DEBUG][SoapUtil.loadProperties()87]-Loading soap properties
[2015-03-12 13:48:24,198][DEBUG][SoapUtil.loadProperties()89]-soap properties loaded successfully
[2015-03-12 13:48:24,200][DEBUG][BaseApplicantClient.setSSLProps()129]-keystore: ../Security/Keystores/its-applicant-sha2.jks
[2015-03-12 13:48:24,201][INFO ][BaseApplicantClient.setSSLProps()136]-Keystore found: ../Security/Keystores/its-applicant-sha2.jks
[2015-03-12 13:48:24,202][DEBUG][SoapUtil.getProperty()48]-find property for key=javax.net.ssl.keyStorePassword
[2015-03-12 13:48:24,202][DEBUG][SoapUtil.getProperty()48]-find property for key=javax.net.ssl.trustStore
[2015-03-12 13:48:24,203][DEBUG][BaseApplicantClient.setSSLProps()142]-truststore: ../Security/Truststores/cacerts.jks
[2015-03-12 13:48:24,204][INFO ][BaseApplicantClient.setSSLProps()149]-Truststore found: ../Security/Truststores/cacerts.jks
[2015-03-12 13:48:24,204][DEBUG][SoapUtil.getProperty()48]-find property for key=javax.net.ssl.trustStorePassword
[2015-03-12 13:48:24,205][DEBUG][GetOpportunitiesClient.main()25]-Begin GetOpportunitiesClient
[2015-03-12 13:48:24,206][DEBUG][GetOpportunitiesClient.main()30]-args length: 5
[2015-03-12 13:48:24,207][DEBUG][BaseApplicantClient.init()85]-arg [1]: url_prefix=https://ws.test.grants.gov
[2015-03-12 13:48:24,215][DEBUG][BaseApplicantClient.init()85]-arg [2]: cfda=10.001
[2015-03-12 13:48:24,215][DEBUG][BaseApplicantClient.init()85]-arg [3]: oppid=RG-07252011-OPP36
[2015-03-12 13:48:24,216][DEBUG][BaseApplicantClient.init()85]-arg [4]: compid=COMPETITION-ID-1
[2015-03-12 13:48:24,217][DEBUG][BaseApplicantClient.init()91]-arg map keys: [compid, oppid, url_prefix, cfda]
[2015-03-12 13:48:24,218][DEBUG][BaseApplicantClient.init()92]-arg map: {compid=COMPETITION-ID-1, oppid=RG-07252011-OPP36, url_prefix=https://ws.test.grants.gov, cfda=10.001}
[2015-03-12 13:48:24,218][DEBUG][BaseApplicantClient.init()95]-Setting SOAP URL prefix: https://ws.test.grants.gov
[2015-03-12 13:48:24,219][DEBUG][BaseApplicantClient.initFilterNames()168]-Initialized FILTER_NAMES map: {submissiontitle=SubmissionTitle, status=Status, oppid=OpportunityID, grantsgovtrackingnumber=GrantsGovTrackingNumber, cfda=CFDANumber}
[2015-03-12 13:48:24,220][DEBUG][GetOpportunitiesClient.makeServiceCall()45]-cfda: 10.001
[2015-03-12 13:48:24,221][DEBUG][GetOpportunitiesClient.makeServiceCall()48]-opp ID: RG-07252011-OPP36
[2015-03-12 13:48:24,221][DEBUG][GetOpportunitiesClient.makeServiceCall()51]-comp ID: COMPETITION-ID-1
[2015-03-12 13:48:24,222][DEBUG][BaseApplicantClient.getApplicantPort()62]-create Streaming applicant port
[2015-03-12 13:48:24,870][DEBUG][BaseApplicantClient.getApplicantPort()64]-service URL: file:/C:/Grantsws_Applicant_RI_V2/ApplicantClient_CL/WSDLs/ApplicantWebServices-V2.0.wsdl
[2015-03-12 13:48:26,002][DEBUG][BaseApplicantClient.getApplicantPort()69]-applicant integration port type: JAX-WS RI 2.1.7-b01-: Stub for https://ws.test.grants.gov/grantsws-applicant/services/v2/ApplicantWebServicesSoapPort
[2015-03-12 13:48:26,004][DEBUG][BaseApplicantClient.getApplicantPort()72]-initialized: JAXWSTestHostnameVerifier
[2015-03-12 13:48:27,741][DEBUG][GetOpportunitiesClient.makeServiceCall()104]-opportunity count: 0
[2015-03-12 13:48:27,742][DEBUG][GetOpportunitiesClient.main()34]-

SUCCESS: GetOpportunitiesClient successfully completed
